MTA Session Logs
=================

Session ID: 1768105576977-1fgi99
Start Time: 2026-01-11T04:26:16.977Z
End Time: 2026-01-11T04:36:22.470Z
Mode: chat

---

[2026-01-11T04:26:16.977Z] INFO: Session started with ID: 1768105576977-1fgi99
[2026-01-11T04:29:04.086Z] INFO: Voice input received: "how how is how is how is how is how is MTA how is MTA how is MTA how is MTA how is MTA how is MTA ho..."
[2026-01-11T04:29:04.935Z] INFO: Chat response generated (243 chars)
[2026-01-11T04:29:26.930Z] INFO: Voice input received: "is is the is the is the is the is the is the speech is the speech to is the speech to text is the sp..."
[2026-01-11T04:29:28.523Z] INFO: Chat response generated (514 chars)
[2026-01-11T04:30:11.257Z] INFO: Voice input received: "I'm I'm I'm testing I'm testing I'm testing I'm testing I'm testing this I'm testing this out I'm te..."
[2026-01-11T04:30:15.230Z] INFO: Chat response generated (824 chars)
[2026-01-11T04:31:00.077Z] INFO: Voice input received: "the the input the input the input the input the input the input scenario the input scenario is the i..."
[2026-01-11T04:31:01.503Z] INFO: Chat response generated (723 chars)
[2026-01-11T04:31:34.611Z] INFO: Voice input received: "yes yes yes yes yes yes walk yes walk me yes walk me through yes walk me through yes walk me through..."
[2026-01-11T04:31:36.746Z] INFO: Chat response generated (1075 chars)
[2026-01-11T04:33:01.418Z] INFO: Voice input received: "testing testing testing testing testing testing testing hands-free testing hands-free input testing ..."
[2026-01-11T04:33:02.856Z] INFO: Chat response generated (691 chars)
[2026-01-11T04:33:39.634Z] INFO: Voice input received: "now now now trying now trying the now trying the now trying the second now trying the second now try..."
[2026-01-11T04:33:41.158Z] INFO: Chat response generated (750 chars)
[2026-01-11T04:34:21.396Z] INFO: Voice input received: "final final test final test final test final test phrase final test phrase for final test phrase for..."
[2026-01-11T04:34:22.678Z] INFO: Chat response generated (566 chars)
[2026-01-11T04:34:53.034Z] INFO: Voice input received: "yes yes yes yes right yes right up yes right up yes right up yes right up a yes right up a summary y..."
[2026-01-11T04:34:55.623Z] INFO: Chat response generated (1427 chars)
