MTA Session Logs
=================

Session ID: 1768105326777-sf19aq
Start Time: 2026-01-11T04:22:06.777Z
End Time: 2026-01-11T04:59:07.415Z
Mode: chat

---

[2026-01-11T04:22:06.777Z] INFO: Session started with ID: 1768105326777-sf19aq
[2026-01-11T04:22:33.060Z] INFO: Voice input received: "how is mobile task agent  release candidate 5  running  on Windows"
[2026-01-11T04:22:35.269Z] INFO: Chat response generated (388 chars)
[2026-01-11T04:23:13.605Z] INFO: Voice input received: "this is the very first test after deploying  rc5 to a internal Docker server for testing"
[2026-01-11T04:23:14.996Z] INFO: Chat response generated (253 chars)
[2026-01-11T04:23:43.379Z] INFO: Voice input received: "testing with  Docker containers on a proxmox host in my home lab"
[2026-01-11T04:23:44.838Z] INFO: Chat response generated (361 chars)
[2026-01-11T04:24:13.419Z] INFO: Voice input received: "the lag is acceptable  the docker host is running in an lxc container"
[2026-01-11T04:24:14.632Z] INFO: Chat response generated (312 chars)
[2026-01-11T04:24:44.698Z] INFO: Voice input received: "there's nothing unusual about the  MTA  Docker container  it runs just fine"
[2026-01-11T04:24:46.439Z] INFO: Chat response generated (331 chars)
[2026-01-11T04:25:24.895Z] INFO: Voice input received: "just going to do some basic functionality checks the checks on Windows I think have done well it's t..."
[2026-01-11T04:25:26.912Z] INFO: Chat response generated (288 chars)
[2026-01-11T04:26:04.619Z] INFO: Voice input received: "working on  with a live device  I would be interested in some suggestions for emulator testing espec..."
[2026-01-11T04:26:06.815Z] INFO: Chat response generated (1318 chars)
[2026-01-11T04:27:33.219Z] INFO: Voice input received: "I would be more interested in  automated testing particularly relating to the  TTS and stt aspects o..."
[2026-01-11T04:27:37.025Z] INFO: Chat response generated (1176 chars)
[2026-01-11T04:54:18.259Z] INFO: Voice input received: "do any of these tts/sts pipelines run in Docker containers"
[2026-01-11T04:54:22.199Z] INFO: Chat response generated (1654 chars)
[2026-01-11T04:56:04.959Z] INFO: Voice input received: "yes"
[2026-01-11T04:56:09.148Z] INFO: Chat response generated (2245 chars)
