MTA Session Logs
=================

Session ID: 1768082339998-vvl46z
Start Time: 2026-01-10T21:58:59.998Z
End Time: 2026-01-10T22:04:48.465Z
Mode: chat

---

[2026-01-10T21:58:59.998Z] INFO: Session started with ID: 1768082339998-vvl46z
[2026-01-10T21:59:18.558Z] INFO: Voice input received: "are are we are we now are we now making are we now making are we now making are we now making are we..."
[2026-01-10T21:59:19.971Z] INFO: Chat response generated (200 chars)
[2026-01-10T21:59:49.509Z] INFO: Voice input received: "are are we are we getting are we getting are we getting are we getting too are we getting too are we..."
[2026-01-10T21:59:51.021Z] INFO: Chat response generated (370 chars)
[2026-01-10T22:00:14.748Z] INFO: Voice input received: "this this is this is this is this is in this is in the this is in the this is in the this is in the ..."
[2026-01-10T22:00:17.019Z] INFO: Chat response generated (437 chars)
[2026-01-10T22:00:44.180Z] INFO: Voice input received: "I I I am I am I am I am debugging I am debugging it I am debugging it on I am debugging it on I am d..."
[2026-01-10T22:00:46.278Z] INFO: Chat response generated (653 chars)
[2026-01-10T22:01:24.040Z] INFO: Voice input received: "I'll I'll try I'll try I'll try talking I'll try talking I'll try talking I'll try talking slowly I'..."
[2026-01-10T22:01:26.003Z] INFO: Chat response generated (462 chars)
[2026-01-10T22:01:58.682Z] INFO: Voice input received: "I'm I'm not I'm not I'm not I'm not saying I'm not saying I'm not saying the I'm not saying the real..."
[2026-01-10T22:02:01.056Z] INFO: Chat response generated (616 chars)
[2026-01-10T22:02:35.120Z] INFO: Voice input received: "this this is this is this is this is this is on this is on an this is on an Android this is on an An..."
[2026-01-10T22:02:38.292Z] INFO: Chat response generated (647 chars)
[2026-01-10T22:03:13.309Z] INFO: Voice input received: "I I think I think I think it's I think it's in I think it's in the I think it's in the I think it's ..."
[2026-01-10T22:03:14.788Z] INFO: Chat response generated (702 chars)
[2026-01-10T22:03:22.060Z] INFO: Voice input received: "if if you if you think if you think if you think the if you think the if you think the repetition if..."
[2026-01-10T22:03:23.391Z] INFO: Chat response generated (776 chars)
[2026-01-10T22:04:34.360Z] INFO: Voice input received: "if if you if you think if you think if you think the if you think the repetition if you think the re..."
[2026-01-10T22:04:36.030Z] INFO: Chat response generated (502 chars)
